This is pdfTeX, Version 3.141592653-2.6-1.40.28 (TeX Live 2025) (preloaded format=pdflatex 2025.6.2)  2 JUN 2025 09:07
entering extended mode
 restricted \write18 enabled.
 %&-line parsing enabled.
**influenceNetworks.tex
(./influenceNetworks.tex
LaTeX2e <2025-06-01>
L3 programming layer <2025-05-26>
(/Users/sminhas/Library/TinyTeX/texmf-dist/tex/latex/amscls/amsart.cls
Document Class: amsart 2020/05/29 v2.20.6
\linespacing=\dimen148
\normalparindent=\dimen149
\normaltopskip=\skip49
(/Users/sminhas/Library/TinyTeX/texmf-dist/tex/latex/amsmath/amsmath.sty
Package: amsmath 2025/05/18 v2.17x AMS math features
\@mathmargin=\skip50

For additional information on amsmath, use the `?' option.
(/Users/sminhas/Library/TinyTeX/texmf-dist/tex/latex/amsmath/amstext.sty
Package: amstext 2024/11/17 v2.01 AMS text
 (/Users/sminhas/Library/TinyTeX/texmf-dist/tex/latex/amsmath/amsgen.sty
File: amsgen.sty 1999/11/30 v2.0 generic functions
\@emptytoks=\toks17
\ex@=\dimen150
)) (/Users/sminhas/Library/TinyTeX/texmf-dist/tex/latex/amsmath/amsbsy.sty
Package: amsbsy 1999/11/29 v1.2d Bold Symbols
\pmbraise@=\dimen151
) (/Users/sminhas/Library/TinyTeX/texmf-dist/tex/latex/amsmath/amsopn.sty
Package: amsopn 2022/04/08 v2.04 operator names
)
\inf@bad=\count275
LaTeX Info: Redefining \frac on input line 233.
\uproot@=\count276
\leftroot@=\count277
LaTeX Info: Redefining \overline on input line 398.
LaTeX Info: Redefining \colon on input line 409.
\classnum@=\count278
\DOTSCASE@=\count279
LaTeX Info: Redefining \ldots on input line 495.
LaTeX Info: Redefining \dots on input line 498.
LaTeX Info: Redefining \cdots on input line 619.
\Mathstrutbox@=\box53
\strutbox@=\box54
LaTeX Info: Redefining \big on input line 721.
LaTeX Info: Redefining \Big on input line 722.
LaTeX Info: Redefining \bigg on input line 723.
LaTeX Info: Redefining \Bigg on input line 724.
\big@size=\dimen152
LaTeX Font Info:    Redeclaring font encoding OML on input line 742.
LaTeX Font Info:    Redeclaring font encoding OMS on input line 743.
\macc@depth=\count280
LaTeX Info: Redefining \bmod on input line 904.
LaTeX Info: Redefining \pmod on input line 909.
LaTeX Info: Redefining \smash on input line 939.
LaTeX Info: Redefining \relbar on input line 969.
LaTeX Info: Redefining \Relbar on input line 970.
\c@MaxMatrixCols=\count281
\dotsspace@=\muskip17
\c@parentequation=\count282
\dspbrk@lvl=\count283
\tag@help=\toks18
\row@=\count284
\column@=\count285
\maxfields@=\count286
\andhelp@=\toks19
\eqnshift@=\dimen153
\alignsep@=\dimen154
\tagshift@=\dimen155
\tagwidth@=\dimen156
\totwidth@=\dimen157
\lineht@=\dimen158
\@envbody=\toks20
\multlinegap=\skip51
\multlinetaggap=\skip52
\mathdisplay@stack=\toks21
LaTeX Info: Redefining \[ on input line 2949.
LaTeX Info: Redefining \] on input line 2950.
)
LaTeX Font Info:    Trying to load font information for U+msa on input line 397.
 (/Users/sminhas/Library/TinyTeX/texmf-dist/tex/latex/amsfonts/umsa.fd
File: umsa.fd 2013/01/14 v3.01 AMS symbols A
) (/Users/sminhas/Library/TinyTeX/texmf-dist/tex/latex/amsfonts/amsfonts.sty
Package: amsfonts 2013/01/14 v3.01 Basic AMSFonts support
\symAMSa=\mathgroup4
\symAMSb=\mathgroup5
LaTeX Font Info:    Redeclaring math symbol \hbar on input line 98.
LaTeX Font Info:    Overwriting math alphabet `\mathfrak' in version `bold'
(Font)                  U/euf/m/n --> U/euf/b/n on input line 106.
)
\copyins=\insert252
\abstractbox=\box55
\listisep=\skip53
\c@part=\count287
\c@section=\count288
\c@subsection=\count289
\c@subsubsection=\count290
\c@paragraph=\count291
\c@subparagraph=\count292
\c@figure=\count293
\c@table=\count294
\abovecaptionskip=\skip54
\belowcaptionskip=\skip55
\captionindent=\dimen159
\thm@style=\toks22
\thm@bodyfont=\toks23
\thm@headfont=\toks24
\thm@notefont=\toks25
\thm@headpunct=\toks26
\thm@preskip=\skip56
\thm@postskip=\skip57
\thm@headsep=\skip58
\dth@everypar=\toks27
) (/Users/sminhas/Library/TinyTeX/texmf-dist/tex/latex/natbib/natbib.sty
Package: natbib 2010/09/13 8.31b (PWD, AO)
\bibhang=\skip59
\bibsep=\skip60
LaTeX Info: Redefining \cite on input line 694.
\c@NAT@ctr=\count295
) (/Users/sminhas/Library/TinyTeX/texmf-dist/tex/latex/opensans/opensans.sty
Package: opensans 2019/06/20 Style file for Open Sans.
 (/Users/sminhas/Library/TinyTeX/texmf-dist/tex/latex/fontaxes/fontaxes.sty
Package: fontaxes 2025-05-24 v2.0.1 Font selection axes (deprecated)
 (/Users/sminhas/Library/TinyTeX/texmf-dist/tex/latex/figureversions/figureversions.sty
Package: figureversions 2025-04-29 v1.0.1 Figure versions
)) (/Users/sminhas/Library/TinyTeX/texmf-dist/tex/generic/iftex/ifluatex.sty
Package: ifluatex 2019/10/25 v1.5 ifluatex legacy package. Use iftex instead.
 (/Users/sminhas/Library/TinyTeX/texmf-dist/tex/generic/iftex/iftex.sty
Package: iftex 2024/12/12 v1.0g TeX engine tests
)) (/Users/sminhas/Library/TinyTeX/texmf-dist/tex/generic/iftex/ifxetex.sty
Package: ifxetex 2019/10/25 v0.7 ifxetex legacy package. Use iftex instead.
) (/Users/sminhas/Library/TinyTeX/texmf-dist/tex/latex/xkeyval/xkeyval.sty
Package: xkeyval 2022/06/16 v2.9 package option processing (HA)
 (/Users/sminhas/Library/TinyTeX/texmf-dist/tex/generic/xkeyval/xkeyval.tex (/Users/sminhas/Library/TinyTeX/texmf-dist/tex/generic/xkeyval/xkvutils.tex
\XKV@toks=\toks28
\XKV@tempa@toks=\toks29
 (/Users/sminhas/Library/TinyTeX/texmf-dist/tex/generic/xkeyval/keyval.tex))
\XKV@depth=\count296
File: xkeyval.tex 2014/12/03 v2.7a key=value parser (HA)
))) (/Users/sminhas/Library/TinyTeX/texmf-dist/tex/latex/base/fontenc.sty
Package: fontenc 2024/12/21 v2.1c Standard LaTeX package
LaTeX Font Info:    Trying to load font information for T1+opensans-TOsF on input line 116.
 (/Users/sminhas/Library/TinyTeX/texmf-dist/tex/latex/opensans/T1opensans-TOsF.fd
File: T1opensans-TOsF.fd 2019/06/24 Font definitions for T1/opensans-TOsF.
)
LaTeX Font Info:    Font shape `T1/opensans-TOsF/m/n' will be
(Font)              scaled to size 11.39996pt on input line 116.
) (/Users/sminhas/Library/TinyTeX/texmf-dist/tex/latex/ae/ae.sty
Package: ae 2001/02/12 1.3 Almost European Computer Modern
 (/Users/sminhas/Library/TinyTeX/texmf-dist/tex/latex/base/fontenc.sty
Package: fontenc 2024/12/21 v2.1c Standard LaTeX package
)) (/Users/sminhas/Library/TinyTeX/texmf-dist/tex/latex/blindtext/blindtext.sty
Package: blindtext 2012/01/06 V2.0 blindtext-Package
 (/Users/sminhas/Library/TinyTeX/texmf-dist/tex/latex/tools/xspace.sty
Package: xspace 2014/10/28 v1.13 Space after command names (DPC,MH)
)
\c@blindtext=\count297
\c@Blindtext=\count298
\c@blind@countparstart=\count299
\blind@countxx=\count300
\blindtext@numBlindtext=\count301
\blind@countyy=\count302
\c@blindlist=\count303
\c@blindlistlevel=\count304
\c@blindlist@level=\count305
\blind@listitem=\count306
\c@blind@listcount=\count307
\c@blind@levelcount=\count308
\blind@mathformula=\count309
\blind@Mathformula=\count310
\c@blind@randomcount=\count311
\c@blind@randommax=\count312
\c@blind@pangramcount=\count313
\c@blind@pangrammax=\count314
) (/Users/sminhas/Library/TinyTeX/texmf-dist/tex/latex/geometry/geometry.sty
Package: geometry 2020/01/02 v5.9 Page Geometry
 (/Users/sminhas/Library/TinyTeX/texmf-dist/tex/generic/iftex/ifvtex.sty
Package: ifvtex 2019/10/25 v1.7 ifvtex legacy package. Use iftex instead.
)
\Gm@cnth=\count315
\Gm@cntv=\count316
\c@Gm@tempcnt=\count317
\Gm@bindingoffset=\dimen160
\Gm@wd@mp=\dimen161
\Gm@odd@mp=\dimen162
\Gm@even@mp=\dimen163
\Gm@layoutwidth=\dimen164
\Gm@layoutheight=\dimen165
\Gm@layouthoffset=\dimen166
\Gm@layoutvoffset=\dimen167
\Gm@dimlist=\toks30
) (/Users/sminhas/Library/TinyTeX/texmf-dist/tex/latex/parallel/parallel.sty
Package: parallel 2003/04/13, setting two texts parallel (me)
 `parallel': setting two texts parallel, (beta 4) 2003/04/13.
\ParallelLWidth=\dimen168
\ParallelRWidth=\dimen169
\ParallelTextWidth=\dimen170
\ParallelLeftMargin=\dimen171
\ParallelUserMidSkip=\dimen172
\ParallelMainMidSkip=\dimen173
\ParallelLBox=\box56
\ParallelRBox=\box57
\ParallelBoxVar=\box58
\ParallelLTok=\box59
\ParallelRTok=\box60
\ParallelBoolVar=\count318
\ParallelBoolMid=\count319
\ParallelWhichBox=\count320
\ParallelMainMode=\count321
\ParallelFNMode=\count322
\ParallelLFNCounter=\count323
\ParallelRFNCounter=\count324
\ParallelMaxFN=\count325
\ParallelFNNumMode=\count326
) (/Users/sminhas/Library/TinyTeX/texmf-dist/tex/latex/sauerj/parcolumns.sty
Package: parcolumns 2004/11/25 v1.2 Typeset multiple parallel columns
 (/Users/sminhas/Library/TinyTeX/texmf-dist/tex/latex/sauerj/processkv.sty
Package: processkv 2004/08/09 v1.0.1 process key=value lists
)
\pc@columnctr=\count327
\pc@columncount=\count328
\pc@everypar=\toks31
) (/Users/sminhas/Library/TinyTeX/texmf-dist/tex/latex/fancyhdr/fancyhdr.sty
Package: fancyhdr 2025/02/07 v5.2 Extensive control of page headers and footers
\f@nch@headwidth=\skip61
\f@nch@offset@elh=\skip62
\f@nch@offset@erh=\skip63
\f@nch@offset@olh=\skip64
\f@nch@offset@orh=\skip65
\f@nch@offset@elf=\skip66
\f@nch@offset@erf=\skip67
\f@nch@offset@olf=\skip68
\f@nch@offset@orf=\skip69
\f@nch@height=\skip70
\f@nch@footalignment=\skip71
\f@nch@widthL=\skip72
\f@nch@widthC=\skip73
\f@nch@widthR=\skip74
\@temptokenb=\toks32
) (/Users/sminhas/Library/TinyTeX/texmf-dist/tex/latex/adjustbox/adjustbox.sty
Package: adjustbox 2025/02/26 v1.3c Adjusting TeX boxes (trim, clip, ...)
 (/Users/sminhas/Library/TinyTeX/texmf-dist/tex/latex/adjustbox/adjcalc.sty
Package: adjcalc 2012/05/16 v1.1 Provides advanced setlength with multiple back-ends (calc, etex, pgfmath)
) (/Users/sminhas/Library/TinyTeX/texmf-dist/tex/latex/adjustbox/trimclip.sty
Package: trimclip 2025/02/21 v1.2a Trim and clip general TeX material
 (/Users/sminhas/Library/TinyTeX/texmf-dist/tex/latex/graphics/graphicx.sty
Package: graphicx 2024/12/31 v1.2e Enhanced LaTeX Graphics (DPC,SPQR)
 (/Users/sminhas/Library/TinyTeX/texmf-dist/tex/latex/graphics/graphics.sty
Package: graphics 2024/08/06 v1.4g Standard LaTeX Graphics (DPC,SPQR)
 (/Users/sminhas/Library/TinyTeX/texmf-dist/tex/latex/graphics/trig.sty
Package: trig 2023/12/02 v1.11 sin cos tan (DPC)
) (/Users/sminhas/Library/TinyTeX/texmf-dist/tex/latex/graphics-cfg/graphics.cfg
File: graphics.cfg 2016/06/04 v1.11 sample graphics configuration
)
Package graphics Info: Driver file: pdftex.def on input line 106.
 (/Users/sminhas/Library/TinyTeX/texmf-dist/tex/latex/graphics-def/pdftex.def
File: pdftex.def 2024/04/13 v1.2c Graphics/color driver for pdftex
))
\Gin@req@height=\dimen174
\Gin@req@width=\dimen175
) (/Users/sminhas/Library/TinyTeX/texmf-dist/tex/latex/collectbox/collectbox.sty
Package: collectbox 2022/10/17 v0.4c Collect macro arguments as boxes
\collectedbox=\box61
)
\tc@llx=\dimen176
\tc@lly=\dimen177
\tc@urx=\dimen178
\tc@ury=\dimen179
Package trimclip Info: Using driver 'tc-pdftex.def'.
 (/Users/sminhas/Library/TinyTeX/texmf-dist/tex/latex/adjustbox/tc-pdftex.def
File: tc-pdftex.def 2025/02/26 v2.3 Clipping driver for pdftex
))
\adjbox@Width=\dimen180
\adjbox@Height=\dimen181
\adjbox@Depth=\dimen182
\adjbox@Totalheight=\dimen183
\adjbox@pwidth=\dimen184
\adjbox@pheight=\dimen185
\adjbox@pdepth=\dimen186
\adjbox@ptotalheight=\dimen187
 (/Users/sminhas/Library/TinyTeX/texmf-dist/tex/latex/ifoddpage/ifoddpage.sty
Package: ifoddpage 2022/10/18 v1.2 Conditionals for odd/even page detection
\c@checkoddpage=\count329
) (/Users/sminhas/Library/TinyTeX/texmf-dist/tex/latex/varwidth/varwidth.sty
Package: varwidth 2009/03/30 ver 0.92;  Variable-width minipages
\@vwid@box=\box62
\sift@deathcycles=\count330
\@vwid@loff=\dimen188
\@vwid@roff=\dimen189
)
==> First Aid for varwidth.sty applied!
) (/Users/sminhas/Library/TinyTeX/texmf-dist/tex/latex/etoolbox/etoolbox.sty
Package: etoolbox 2025/02/11 v2.5l e-TeX tools for LaTeX (JAW)
\etb@tempcnta=\count331
) (/Users/sminhas/Library/TinyTeX/texmf-dist/tex/latex/tools/array.sty
Package: array 2025/05/19 v2.6i Tabular extension package (FMi)
\col@sep=\dimen190
\ar@mcellbox=\box63
\extrarowheight=\dimen191
\NC@list=\toks33
\extratabsurround=\skip75
\backup@length=\skip76
\ar@cellbox=\box64
) (/Users/sminhas/Library/TinyTeX/texmf-dist/tex/latex/amsfonts/amssymb.sty
Package: amssymb 2013/01/14 v3.01 AMS font symbols
) (/Users/sminhas/Library/TinyTeX/texmf-dist/tex/latex/relsize/relsize.sty
Package: relsize 2013/03/29 ver 4.1
LaTeX Info: Redefining \larger on input line 150.
LaTeX Info: Redefining \smaller on input line 151.
) (/Users/sminhas/Library/TinyTeX/texmf-dist/tex/latex/mathtools/mathtools.sty
Package: mathtools 2024/10/04 v1.31 mathematical typesetting tools
 (/Users/sminhas/Library/TinyTeX/texmf-dist/tex/latex/tools/calc.sty
Package: calc 2025/03/01 v4.3b Infix arithmetic (KKT,FJ)
\calc@Acount=\count332
\calc@Bcount=\count333
\calc@Adimen=\dimen192
\calc@Bdimen=\dimen193
\calc@Askip=\skip77
\calc@Bskip=\skip78
LaTeX Info: Redefining \setlength on input line 86.
LaTeX Info: Redefining \addtolength on input line 87.
\calc@Ccount=\count334
\calc@Cskip=\skip79
) (/Users/sminhas/Library/TinyTeX/texmf-dist/tex/latex/mathtools/mhsetup.sty
Package: mhsetup 2021/03/18 v1.4 programming setup (MH)
)
\g_MT_multlinerow_int=\count335
\l_MT_multwidth_dim=\dimen194
\origjot=\skip80
\l_MT_shortvdotswithinadjustabove_dim=\dimen195
\l_MT_shortvdotswithinadjustbelow_dim=\dimen196
\l_MT_above_intertext_sep=\dimen197
\l_MT_below_intertext_sep=\dimen198
\l_MT_above_shortintertext_sep=\dimen199
\l_MT_below_shortintertext_sep=\dimen256
\xmathstrut@box=\box65
\xmathstrut@dim=\dimen257
) (/Users/sminhas/Library/TinyTeX/texmf-dist/tex/latex/tools/bm.sty
Package: bm 2023/12/19 v1.2f Bold Symbol Support (DPC/FMi)
\symboldoperators=\mathgroup6
\symboldletters=\mathgroup7
\symboldsymbols=\mathgroup8
Package bm Info: No bold for \OMX/cmex/m/n, using \pmb.
Package bm Info: No bold for \U/msa/m/n, using \pmb.
Package bm Info: No bold for \U/msb/m/n, using \pmb.
LaTeX Font Info:    Redeclaring math alphabet \mathbf on input line 149.
) (/Users/sminhas/Library/TinyTeX/texmf-dist/tex/latex/siunitx/siunitx.sty
Package: siunitx 2025-05-22 v3.4.12 A comprehensive (SI) units package
\l__siunitx_number_uncert_offset_int=\count336
\l__siunitx_number_exponent_fixed_int=\count337
\l__siunitx_number_min_decimal_int=\count338
\l__siunitx_number_min_integer_int=\count339
\l__siunitx_number_round_precision_int=\count340
\l__siunitx_number_lower_threshold_int=\count341
\l__siunitx_number_upper_threshold_int=\count342
\l__siunitx_number_group_first_int=\count343
\l__siunitx_number_group_size_int=\count344
\l__siunitx_number_group_minimum_int=\count345
\l__siunitx_angle_tmp_dim=\dimen258
\l__siunitx_angle_marker_box=\box66
\l__siunitx_angle_unit_box=\box67
\l__siunitx_compound_count_int=\count346
 (/Users/sminhas/Library/TinyTeX/texmf-dist/tex/latex/translations/translations.sty
Package: translations 2022/02/05 v1.12 internationalization of LaTeX2e packages (CN)
 (/Users/sminhas/Library/TinyTeX/texmf-dist/tex/generic/pdftexcmds/pdftexcmds.sty
Package: pdftexcmds 2020-06-27 v0.33 Utility functions of pdfTeX for LuaTeX (HO)
 (/Users/sminhas/Library/TinyTeX/texmf-dist/tex/generic/infwarerr/infwarerr.sty
Package: infwarerr 2019/12/03 v1.5 Providing info/warning/error messages (HO)
) (/Users/sminhas/Library/TinyTeX/texmf-dist/tex/generic/ltxcmds/ltxcmds.sty
Package: ltxcmds 2023-12-04 v1.26 LaTeX kernel commands for general use (HO)
)
Package pdftexcmds Info: \pdf@primitive is available.
Package pdftexcmds Info: \pdf@ifprimitive is available.
Package pdftexcmds Info: \pdfdraftmode found.
))
\l__siunitx_table_tmp_box=\box68
\l__siunitx_table_tmp_dim=\dimen259
\l__siunitx_table_column_width_dim=\dimen260
\l__siunitx_table_integer_box=\box69
\l__siunitx_table_decimal_box=\box70
\l__siunitx_table_uncert_box=\box71
\l__siunitx_table_before_box=\box72
\l__siunitx_table_after_box=\box73
\l__siunitx_table_before_dim=\dimen261
\l__siunitx_table_carry_dim=\dimen262
\l__siunitx_unit_tmp_int=\count347
\l__siunitx_unit_position_int=\count348
\l__siunitx_unit_total_int=\count349
) (/Users/sminhas/Library/TinyTeX/texmf-dist/tex/latex/placeins/placeins.sty
Package: placeins 2005/04/18  v 2.2
) (/Users/sminhas/Library/TinyTeX/texmf-dist/tex/latex/tools/tabularx.sty
Package: tabularx 2023/12/11 v2.12a `tabularx' package (DPC)
\TX@col@width=\dimen263
\TX@old@table=\dimen264
\TX@old@col=\dimen265
\TX@target=\dimen266
\TX@delta=\dimen267
\TX@cols=\count350
\TX@ftn=\toks34
) (/Users/sminhas/Library/TinyTeX/texmf-dist/tex/latex/booktabs/booktabs.sty
Package: booktabs 2020/01/12 v1.61803398 Publication quality tables
\heavyrulewidth=\dimen268
\lightrulewidth=\dimen269
\cmidrulewidth=\dimen270
\belowrulesep=\dimen271
\belowbottomsep=\dimen272
\aboverulesep=\dimen273
\abovetopsep=\dimen274
\cmidrulesep=\dimen275
\cmidrulekern=\dimen276
\defaultaddspace=\dimen277
\@cmidla=\count351
\@cmidlb=\count352
\@aboverulesep=\dimen278
\@belowrulesep=\dimen279
\@thisruleclass=\count353
\@lastruleclass=\count354
\@thisrulewidth=\dimen280
) (/Users/sminhas/Library/TinyTeX/texmf-dist/tex/latex/tools/multicol.sty
Package: multicol 2025/05/25 v2.0a multicolumn formatting (FMi)
\c@tracingmulticols=\count355
\mult@box=\box74
\multicol@leftmargin=\dimen281
\c@unbalance=\count356
\c@collectmore=\count357
\doublecol@number=\count358
\multicoltolerance=\count359
\multicolpretolerance=\count360
\full@width=\dimen282
\page@free=\dimen283
\premulticols=\dimen284
\postmulticols=\dimen285
\multicolsep=\skip81
\multicolbaselineskip=\skip82
\partial@page=\box75
\last@line=\box76
\mc@boxedresult=\box77
\maxbalancingoverflow=\dimen286
\mult@rightbox=\box78
\mult@grightbox=\box79
\mult@firstbox=\box80
\mult@gfirstbox=\box81
\@tempa=\box82
\@tempa=\box83
\@tempa=\box84
\@tempa=\box85
\@tempa=\box86
\@tempa=\box87
\@tempa=\box88
\@tempa=\box89
\@tempa=\box90
\@tempa=\box91
\@tempa=\box92
\@tempa=\box93
\@tempa=\box94
\@tempa=\box95
\@tempa=\box96
\@tempa=\box97
\@tempa=\box98
\@tempa=\box99
\@tempa=\box100
\@tempa=\box101
\@tempa=\box102
\@tempa=\box103
\@tempa=\box104
\@tempa=\box105
\@tempa=\box106
\@tempa=\box107
\@tempa=\box108
\@tempa=\box109
\@tempa=\box110
\@tempa=\box111
\@tempa=\box112
\@tempa=\box113
\@tempa=\box114
\@tempa=\box115
\@tempa=\box116
\@tempa=\box117
\c@minrows=\count361
\c@columnbadness=\count362
\c@finalcolumnbadness=\count363
\last@try=\dimen287
\multicolovershoot=\dimen288
\multicolundershoot=\dimen289
\mult@nat@firstbox=\box118
\colbreak@box=\box119
\mc@col@check@num=\count364
\g__mc_curr_col_int=\count365
) (/Users/sminhas/Library/TinyTeX/texmf-dist/tex/latex/multirow/multirow.sty
Package: multirow 2024/11/12 v2.9 Span multiple rows of a table
\multirow@colwidth=\skip83
\multirow@cntb=\count366
\multirow@dima=\skip84
\bigstrutjot=\dimen290
) (/Users/sminhas/Library/TinyTeX/texmf-dist/tex/latex/tools/longtable.sty
Package: longtable 2024-12-18 v4.23 Multi-page Table package (DPC)
\LTleft=\skip85
\LTright=\skip86
\LTpre=\skip87
\LTpost=\skip88
\LTchunksize=\count367
\LTcapwidth=\dimen291
\LT@head=\box120
\LT@firsthead=\box121
\LT@foot=\box122
\LT@lastfoot=\box123
\LT@gbox=\box124
\LT@cols=\count368
\LT@rows=\count369
\c@LT@tables=\count370
\c@LT@chunks=\count371
\LT@p@ftn=\toks35
) (/Users/sminhas/Library/TinyTeX/texmf-dist/tex/latex/caption/caption.sty
Package: caption 2023/08/05 v3.6o Customizing captions (AR)
 (/Users/sminhas/Library/TinyTeX/texmf-dist/tex/latex/caption/caption3.sty
Package: caption3 2023/07/31 v2.4d caption3 kernel (AR)
\caption@tempdima=\dimen292
\captionmargin=\dimen293
\caption@leftmargin=\dimen294
\caption@rightmargin=\dimen295
\caption@width=\dimen296
\caption@indent=\dimen297
\caption@parindent=\dimen298
\caption@hangindent=\dimen299
Package caption Info: AMS or SMF document class detected.
 (/Users/sminhas/Library/TinyTeX/texmf-dist/tex/latex/caption/caption-ams-smf.sto
File: caption-ams-smf.sto 2020/08/22 v2.0 Adaption of the caption package to the AMS and SMF document classes (AR)
))
\c@caption@flags=\count372
\c@continuedfloat=\count373
Package caption Info: longtable package is loaded.
 (/Users/sminhas/Library/TinyTeX/texmf-dist/tex/latex/caption/ltcaption.sty
Package: ltcaption 2021/01/08 v1.4c longtable captions (AR)
)) (/Users/sminhas/Library/TinyTeX/texmf-dist/tex/latex/footmisc/footmisc.sty
Package: footmisc 2025/05/09 v7.0b a miscellany of footnote facilities
\FN@temptoken=\toks36
\footnotemargin=\dimen300
Package footmisc Info: Declaring symbol style bringhurst on input line 549.
Package footmisc Info: Declaring symbol style chicago on input line 557.
Package footmisc Info: Declaring symbol style wiley on input line 566.
Package footmisc Info: Declaring symbol style lamport-robust on input line 577.
Package footmisc Info: Declaring symbol style lamport* on input line 597.
Package footmisc Info: Declaring symbol style lamport*-robust on input line 618.
) (/Users/sminhas/Library/TinyTeX/texmf-dist/tex/latex/tools/enumerate.sty
Package: enumerate 2023/07/04 v3.00 enumerate extensions (DPC)
\@enLab=\toks37
) (/Users/sminhas/Library/TinyTeX/texmf-dist/tex/latex/paralist/paralist.sty
Package: paralist 2017/01/22 v2.7 Extended list environments
\pltopsep=\skip89
\plpartopsep=\skip90
\plitemsep=\skip91
\plparsep=\skip92
\pl@lab=\toks38
) (/Users/sminhas/Library/TinyTeX/texmf-dist/tex/latex/xcolor/xcolor.sty
Package: xcolor 2024/09/29 v3.02 LaTeX color extensions (UK)
 (/Users/sminhas/Library/TinyTeX/texmf-dist/tex/latex/graphics-cfg/color.cfg
File: color.cfg 2016/01/02 v1.6 sample color configuration
)

Package xcolor Warning: Package option `hyperref' is obsolete and ignored on input line 265.

Package xcolor Info: Driver file: pdftex.def on input line 274.
(/Users/sminhas/Library/TinyTeX/texmf-dist/tex/latex/graphics/mathcolor.ltx)
Package xcolor Info: Model `cmy' substituted by `cmy0' on input line 1349.
Package xcolor Info: Model `hsb' substituted by `rgb' on input line 1353.
Package xcolor Info: Model `RGB' extended on input line 1365.
Package xcolor Info: Model `HTML' substituted by `rgb' on input line 1367.
Package xcolor Info: Model `Hsb' substituted by `hsb' on input line 1368.
Package xcolor Info: Model `tHsb' substituted by `hsb' on input line 1369.
Package xcolor Info: Model `HSB' substituted by `hsb' on input line 1370.
Package xcolor Info: Model `Gray' substituted by `gray' on input line 1371.
Package xcolor Info: Model `wave' substituted by `hsb' on input line 1372.
) (/Users/sminhas/Library/TinyTeX/texmf-dist/tex/latex/xcolor/x11nam.def
File: x11nam.def 2024/09/29 v3.02 Predefined colors according to Unix/X11 (UK)
) (/Users/sminhas/Library/TinyTeX/texmf-dist/tex/latex/hyperref/hyperref.sty
Package: hyperref 2025-05-20 v7.01m Hypertext links for LaTeX
 (/Users/sminhas/Library/TinyTeX/texmf-dist/tex/latex/kvsetkeys/kvsetkeys.sty
Package: kvsetkeys 2022-10-05 v1.19 Key value parser (HO)
) (/Users/sminhas/Library/TinyTeX/texmf-dist/tex/generic/kvdefinekeys/kvdefinekeys.sty
Package: kvdefinekeys 2019-12-19 v1.6 Define keys (HO)
) (/Users/sminhas/Library/TinyTeX/texmf-dist/tex/generic/pdfescape/pdfescape.sty
Package: pdfescape 2019/12/09 v1.15 Implements pdfTeX's escape features (HO)
) (/Users/sminhas/Library/TinyTeX/texmf-dist/tex/latex/hycolor/hycolor.sty
Package: hycolor 2020-01-27 v1.10 Color options for hyperref/bookmark (HO)
) (/Users/sminhas/Library/TinyTeX/texmf-dist/tex/latex/hyperref/nameref.sty
Package: nameref 2023-11-26 v2.56 Cross-referencing by name of section
 (/Users/sminhas/Library/TinyTeX/texmf-dist/tex/latex/refcount/refcount.sty
Package: refcount 2019/12/15 v3.6 Data extraction from label references (HO)
) (/Users/sminhas/Library/TinyTeX/texmf-dist/tex/generic/gettitlestring/gettitlestring.sty
Package: gettitlestring 2019/12/15 v1.6 Cleanup title references (HO)
 (/Users/sminhas/Library/TinyTeX/texmf-dist/tex/latex/kvoptions/kvoptions.sty
Package: kvoptions 2022-06-15 v3.15 Key value format for package options (HO)
))
\c@section@level=\count374
) (/Users/sminhas/Library/TinyTeX/texmf-dist/tex/generic/stringenc/stringenc.sty
Package: stringenc 2019/11/29 v1.12 Convert strings between diff. encodings (HO)
)
\@linkdim=\dimen301
\Hy@linkcounter=\count375
\Hy@pagecounter=\count376
 (/Users/sminhas/Library/TinyTeX/texmf-dist/tex/latex/hyperref/pd1enc.def
File: pd1enc.def 2025-05-20 v7.01m Hyperref: PDFDocEncoding definition (HO)
Now handling font encoding PD1 ...
... no UTF-8 mapping file for font encoding PD1
) (/Users/sminhas/Library/TinyTeX/texmf-dist/tex/generic/intcalc/intcalc.sty
Package: intcalc 2019/12/15 v1.3 Expandable calculations with integers (HO)
)
\Hy@SavedSpaceFactor=\count377
 (/Users/sminhas/Library/TinyTeX/texmf-dist/tex/latex/hyperref/puenc.def
File: puenc.def 2025-05-20 v7.01m Hyperref: PDF Unicode definition (HO)
Now handling font encoding PU ...
... no UTF-8 mapping file for font encoding PU
)
Package hyperref Info: Hyper figures OFF on input line 4157.
Package hyperref Info: Link nesting OFF on input line 4162.
Package hyperref Info: Hyper index ON on input line 4165.
Package hyperref Info: Plain pages OFF on input line 4172.
Package hyperref Info: Backreferencing OFF on input line 4177.
Package hyperref Info: Implicit mode ON; LaTeX internals redefined.
Package hyperref Info: Bookmarks ON on input line 4424.
\c@Hy@tempcnt=\count378
 (/Users/sminhas/Library/TinyTeX/texmf-dist/tex/latex/url/url.sty
\Urlmuskip=\muskip18
Package: url 2013/09/16  ver 3.4  Verb mode for urls, etc.
)
LaTeX Info: Redefining \url on input line 4763.
\XeTeXLinkMargin=\dimen302
 (/Users/sminhas/Library/TinyTeX/texmf-dist/tex/generic/bitset/bitset.sty
Package: bitset 2019/12/09 v1.3 Handle bit-vector datatype (HO)
 (/Users/sminhas/Library/TinyTeX/texmf-dist/tex/generic/bigintcalc/bigintcalc.sty
Package: bigintcalc 2019/12/15 v1.5 Expandable calculations on big integers (HO)
))
\Fld@menulength=\count379
\Field@Width=\dimen303
\Fld@charsize=\dimen304
Package hyperref Info: Hyper figures OFF on input line 6042.
Package hyperref Info: Link nesting OFF on input line 6047.
Package hyperref Info: Hyper index ON on input line 6050.
Package hyperref Info: backreferencing OFF on input line 6057.
Package hyperref Info: Link coloring OFF on input line 6062.
Package hyperref Info: Link coloring with OCG OFF on input line 6067.
Package hyperref Info: PDF/A mode OFF on input line 6072.
 (/Users/sminhas/Library/TinyTeX/texmf-dist/tex/latex/base/atbegshi-ltx.sty
Package: atbegshi-ltx 2021/01/10 v1.0c Emulation of the original atbegshi
package with kernel methods
)
\Hy@abspage=\count380
\c@Item=\count381
\c@Hfootnote=\count382
)
Package hyperref Info: Driver: hpdftex.
 (/Users/sminhas/Library/TinyTeX/texmf-dist/tex/latex/hyperref/hpdftex.def
File: hpdftex.def 2025-05-20 v7.01m Hyperref driver for pdfTeX
\Fld@listcount=\count383
\c@bookmark@seq@number=\count384
 (/Users/sminhas/Library/TinyTeX/texmf-dist/tex/latex/rerunfilecheck/rerunfilecheck.sty
Package: rerunfilecheck 2022-07-10 v1.10 Rerun checks for auxiliary files (HO)
 (/Users/sminhas/Library/TinyTeX/texmf-dist/tex/latex/base/atveryend-ltx.sty
Package: atveryend-ltx 2020/08/19 v1.0a Emulation of the original atveryend package
with kernel methods
) (/Users/sminhas/Library/TinyTeX/texmf-dist/tex/generic/uniquecounter/uniquecounter.sty
Package: uniquecounter 2019/12/15 v1.4 Provide unlimited unique counter (HO)
)
Package uniquecounter Info: New unique counter `rerunfilecheck' on input line 285.
)
\Hy@SectionHShift=\skip93
) (/Users/sminhas/Library/TinyTeX/texmf-dist/tex/latex/subfig/subfig.sty
Package: subfig 2005/06/28 ver: 1.3 subfig package
\c@KVtest=\count385
\sf@farskip=\skip94
\sf@captopadj=\dimen305
\sf@capskip=\skip95
\sf@nearskip=\skip96
\c@subfigure=\count386
\c@subfigure@save=\count387
\c@lofdepth=\count388
\c@subtable=\count389
\c@subtable@save=\count390
\c@lotdepth=\count391
\sf@top=\skip97
\sf@bottom=\skip98
) (/Users/sminhas/Library/TinyTeX/texmf-dist/tex/latex/grffile/grffile.sty
Package: grffile 2019/11/11 v2.1 Extended file name support for graphics (legacy)
Package grffile Info: This package is an empty stub for compatibility on input line 40.
) (/Users/sminhas/Library/TinyTeX/texmf-dist/tex/latex/pgf/frontendlayer/tikz.sty (/Users/sminhas/Library/TinyTeX/texmf-dist/tex/latex/pgf/basiclayer/pgf.sty (/Users/sminhas/Library/TinyTeX/texmf-dist/tex/latex/pgf/utilities/pgfrcs.sty (/Users/sminhas/Library/TinyTeX/texmf-dist/tex/generic/pgf/utilities/pgfutil-common.tex
\pgfutil@everybye=\toks39
\pgfutil@tempdima=\dimen306
\pgfutil@tempdimb=\dimen307
) (/Users/sminhas/Library/TinyTeX/texmf-dist/tex/generic/pgf/utilities/pgfutil-latex.def
\pgfutil@abb=\box125
) (/Users/sminhas/Library/TinyTeX/texmf-dist/tex/generic/pgf/utilities/pgfrcs.code.tex (/Users/sminhas/Library/TinyTeX/texmf-dist/tex/generic/pgf/pgf.revision.tex)
Package: pgfrcs 2023-01-15 v3.1.10 (3.1.10)
))
Package: pgf 2023-01-15 v3.1.10 (3.1.10)
 (/Users/sminhas/Library/TinyTeX/texmf-dist/tex/latex/pgf/basiclayer/pgfcore.sty (/Users/sminhas/Library/TinyTeX/texmf-dist/tex/latex/pgf/systemlayer/pgfsys.sty (/Users/sminhas/Library/TinyTeX/texmf-dist/tex/generic/pgf/systemlayer/pgfsys.code.tex
Package: pgfsys 2023-01-15 v3.1.10 (3.1.10)
 (/Users/sminhas/Library/TinyTeX/texmf-dist/tex/generic/pgf/utilities/pgfkeys.code.tex
\pgfkeys@pathtoks=\toks40
\pgfkeys@temptoks=\toks41
 (/Users/sminhas/Library/TinyTeX/texmf-dist/tex/generic/pgf/utilities/pgfkeyslibraryfiltered.code.tex
\pgfkeys@tmptoks=\toks42
))
\pgf@x=\dimen308
\pgf@y=\dimen309
\pgf@xa=\dimen310
\pgf@ya=\dimen311
\pgf@xb=\dimen312
\pgf@yb=\dimen313
\pgf@xc=\dimen314
\pgf@yc=\dimen315
\pgf@xd=\dimen316
\pgf@yd=\dimen317
\w@pgf@writea=\write3
\r@pgf@reada=\read2
\c@pgf@counta=\count392
\c@pgf@countb=\count393
\c@pgf@countc=\count394
\c@pgf@countd=\count395
\t@pgf@toka=\toks43
\t@pgf@tokb=\toks44
\t@pgf@tokc=\toks45
\pgf@sys@id@count=\count396
 (/Users/sminhas/Library/TinyTeX/texmf-dist/tex/generic/pgf/systemlayer/pgf.cfg
File: pgf.cfg 2023-01-15 v3.1.10 (3.1.10)
)
Driver file for pgf: pgfsys-pdftex.def
 (/Users/sminhas/Library/TinyTeX/texmf-dist/tex/generic/pgf/systemlayer/pgfsys-pdftex.def
File: pgfsys-pdftex.def 2023-01-15 v3.1.10 (3.1.10)
 (/Users/sminhas/Library/TinyTeX/texmf-dist/tex/generic/pgf/systemlayer/pgfsys-common-pdf.def
File: pgfsys-common-pdf.def 2023-01-15 v3.1.10 (3.1.10)
))) (/Users/sminhas/Library/TinyTeX/texmf-dist/tex/generic/pgf/systemlayer/pgfsyssoftpath.code.tex
File: pgfsyssoftpath.code.tex 2023-01-15 v3.1.10 (3.1.10)
\pgfsyssoftpath@smallbuffer@items=\count397
\pgfsyssoftpath@bigbuffer@items=\count398
) (/Users/sminhas/Library/TinyTeX/texmf-dist/tex/generic/pgf/systemlayer/pgfsysprotocol.code.tex
File: pgfsysprotocol.code.tex 2023-01-15 v3.1.10 (3.1.10)
)) (/Users/sminhas/Library/TinyTeX/texmf-dist/tex/generic/pgf/basiclayer/pgfcore.code.tex
Package: pgfcore 2023-01-15 v3.1.10 (3.1.10)
 (/Users/sminhas/Library/TinyTeX/texmf-dist/tex/generic/pgf/math/pgfmath.code.tex (/Users/sminhas/Library/TinyTeX/texmf-dist/tex/generic/pgf/math/pgfmathutil.code.tex) (/Users/sminhas/Library/TinyTeX/texmf-dist/tex/generic/pgf/math/pgfmathparser.code.tex
\pgfmath@dimen=\dimen318
\pgfmath@count=\count399
\pgfmath@box=\box126
\pgfmath@toks=\toks46
\pgfmath@stack@operand=\toks47
\pgfmath@stack@operation=\toks48
) (/Users/sminhas/Library/TinyTeX/texmf-dist/tex/generic/pgf/math/pgfmathfunctions.code.tex) (/Users/sminhas/Library/TinyTeX/texmf-dist/tex/generic/pgf/math/pgfmathfunctions.basic.code.tex) (/Users/sminhas/Library/TinyTeX/texmf-dist/tex/generic/pgf/math/pgfmathfunctions.trigonometric.code.tex) (/Users/sminhas/Library/TinyTeX/texmf-dist/tex/generic/pgf/math/pgfmathfunctions.random.code.tex) (/Users/sminhas/Library/TinyTeX/texmf-dist/tex/generic/pgf/math/pgfmathfunctions.comparison.code.tex) (/Users/sminhas/Library/TinyTeX/texmf-dist/tex/generic/pgf/math/pgfmathfunctions.base.code.tex) (/Users/sminhas/Library/TinyTeX/texmf-dist/tex/generic/pgf/math/pgfmathfunctions.round.code.tex) (/Users/sminhas/Library/TinyTeX/texmf-dist/tex/generic/pgf/math/pgfmathfunctions.misc.code.tex) (/Users/sminhas/Library/TinyTeX/texmf-dist/tex/generic/pgf/math/pgfmathfunctions.integerarithmetics.code.tex) (/Users/sminhas/Library/TinyTeX/texmf-dist/tex/generic/pgf/math/pgfmathcalc.code.tex) (/Users/sminhas/Library/TinyTeX/texmf-dist/tex/generic/pgf/math/pgfmathfloat.code.tex
\c@pgfmathroundto@lastzeros=\count400
)) (/Users/sminhas/Library/TinyTeX/texmf-dist/tex/generic/pgf/math/pgfint.code.tex) (/Users/sminhas/Library/TinyTeX/texmf-dist/tex/generic/pgf/basiclayer/pgfcorepoints.code.tex
File: pgfcorepoints.code.tex 2023-01-15 v3.1.10 (3.1.10)
\pgf@picminx=\dimen319
\pgf@picmaxx=\dimen320
\pgf@picminy=\dimen321
\pgf@picmaxy=\dimen322
\pgf@pathminx=\dimen323
\pgf@pathmaxx=\dimen324
\pgf@pathminy=\dimen325
\pgf@pathmaxy=\dimen326
\pgf@xx=\dimen327
\pgf@xy=\dimen328
\pgf@yx=\dimen329
\pgf@yy=\dimen330
\pgf@zx=\dimen331
\pgf@zy=\dimen332
) (/Users/sminhas/Library/TinyTeX/texmf-dist/tex/generic/pgf/basiclayer/pgfcorepathconstruct.code.tex
File: pgfcorepathconstruct.code.tex 2023-01-15 v3.1.10 (3.1.10)
\pgf@path@lastx=\dimen333
\pgf@path@lasty=\dimen334
) (/Users/sminhas/Library/TinyTeX/texmf-dist/tex/generic/pgf/basiclayer/pgfcorepathusage.code.tex
File: pgfcorepathusage.code.tex 2023-01-15 v3.1.10 (3.1.10)
\pgf@shorten@end@additional=\dimen335
\pgf@shorten@start@additional=\dimen336
) (/Users/sminhas/Library/TinyTeX/texmf-dist/tex/generic/pgf/basiclayer/pgfcorescopes.code.tex
File: pgfcorescopes.code.tex 2023-01-15 v3.1.10 (3.1.10)
\pgfpic=\box127
\pgf@hbox=\box128
\pgf@layerbox@main=\box129
\pgf@picture@serial@count=\count401
) (/Users/sminhas/Library/TinyTeX/texmf-dist/tex/generic/pgf/basiclayer/pgfcoregraphicstate.code.tex
File: pgfcoregraphicstate.code.tex 2023-01-15 v3.1.10 (3.1.10)
\pgflinewidth=\dimen337
) (/Users/sminhas/Library/TinyTeX/texmf-dist/tex/generic/pgf/basiclayer/pgfcoretransformations.code.tex
File: pgfcoretransformations.code.tex 2023-01-15 v3.1.10 (3.1.10)
\pgf@pt@x=\dimen338
\pgf@pt@y=\dimen339
\pgf@pt@temp=\dimen340
) (/Users/sminhas/Library/TinyTeX/texmf-dist/tex/generic/pgf/basiclayer/pgfcorequick.code.tex
File: pgfcorequick.code.tex 2023-01-15 v3.1.10 (3.1.10)
) (/Users/sminhas/Library/TinyTeX/texmf-dist/tex/generic/pgf/basiclayer/pgfcoreobjects.code.tex
File: pgfcoreobjects.code.tex 2023-01-15 v3.1.10 (3.1.10)
) (/Users/sminhas/Library/TinyTeX/texmf-dist/tex/generic/pgf/basiclayer/pgfcorepathprocessing.code.tex
File: pgfcorepathprocessing.code.tex 2023-01-15 v3.1.10 (3.1.10)
) (/Users/sminhas/Library/TinyTeX/texmf-dist/tex/generic/pgf/basiclayer/pgfcorearrows.code.tex
File: pgfcorearrows.code.tex 2023-01-15 v3.1.10 (3.1.10)
\pgfarrowsep=\dimen341
) (/Users/sminhas/Library/TinyTeX/texmf-dist/tex/generic/pgf/basiclayer/pgfcoreshade.code.tex
File: pgfcoreshade.code.tex 2023-01-15 v3.1.10 (3.1.10)
\pgf@max=\dimen342
\pgf@sys@shading@range@num=\count402
\pgf@shadingcount=\count403
) (/Users/sminhas/Library/TinyTeX/texmf-dist/tex/generic/pgf/basiclayer/pgfcoreimage.code.tex
File: pgfcoreimage.code.tex 2023-01-15 v3.1.10 (3.1.10)
) (/Users/sminhas/Library/TinyTeX/texmf-dist/tex/generic/pgf/basiclayer/pgfcoreexternal.code.tex
File: pgfcoreexternal.code.tex 2023-01-15 v3.1.10 (3.1.10)
\pgfexternal@startupbox=\box130
) (/Users/sminhas/Library/TinyTeX/texmf-dist/tex/generic/pgf/basiclayer/pgfcorelayers.code.tex
File: pgfcorelayers.code.tex 2023-01-15 v3.1.10 (3.1.10)
) (/Users/sminhas/Library/TinyTeX/texmf-dist/tex/generic/pgf/basiclayer/pgfcoretransparency.code.tex
File: pgfcoretransparency.code.tex 2023-01-15 v3.1.10 (3.1.10)
) (/Users/sminhas/Library/TinyTeX/texmf-dist/tex/generic/pgf/basiclayer/pgfcorepatterns.code.tex
File: pgfcorepatterns.code.tex 2023-01-15 v3.1.10 (3.1.10)
) (/Users/sminhas/Library/TinyTeX/texmf-dist/tex/generic/pgf/basiclayer/pgfcorerdf.code.tex
File: pgfcorerdf.code.tex 2023-01-15 v3.1.10 (3.1.10)
))) (/Users/sminhas/Library/TinyTeX/texmf-dist/tex/generic/pgf/modules/pgfmoduleshapes.code.tex
File: pgfmoduleshapes.code.tex 2023-01-15 v3.1.10 (3.1.10)
\pgfnodeparttextbox=\box131
) (/Users/sminhas/Library/TinyTeX/texmf-dist/tex/generic/pgf/modules/pgfmoduleplot.code.tex
File: pgfmoduleplot.code.tex 2023-01-15 v3.1.10 (3.1.10)
) (/Users/sminhas/Library/TinyTeX/texmf-dist/tex/latex/pgf/compatibility/pgfcomp-version-0-65.sty
Package: pgfcomp-version-0-65 2023-01-15 v3.1.10 (3.1.10)
\pgf@nodesepstart=\dimen343
\pgf@nodesepend=\dimen344
) (/Users/sminhas/Library/TinyTeX/texmf-dist/tex/latex/pgf/compatibility/pgfcomp-version-1-18.sty
Package: pgfcomp-version-1-18 2023-01-15 v3.1.10 (3.1.10)
)) (/Users/sminhas/Library/TinyTeX/texmf-dist/tex/latex/pgf/utilities/pgffor.sty (/Users/sminhas/Library/TinyTeX/texmf-dist/tex/latex/pgf/utilities/pgfkeys.sty (/Users/sminhas/Library/TinyTeX/texmf-dist/tex/generic/pgf/utilities/pgfkeys.code.tex)) (/Users/sminhas/Library/TinyTeX/texmf-dist/tex/latex/pgf/math/pgfmath.sty (/Users/sminhas/Library/TinyTeX/texmf-dist/tex/generic/pgf/math/pgfmath.code.tex)) (/Users/sminhas/Library/TinyTeX/texmf-dist/tex/generic/pgf/utilities/pgffor.code.tex
Package: pgffor 2023-01-15 v3.1.10 (3.1.10)
\pgffor@iter=\dimen345
\pgffor@skip=\dimen346
\pgffor@stack=\toks49
\pgffor@toks=\toks50
)) (/Users/sminhas/Library/TinyTeX/texmf-dist/tex/generic/pgf/frontendlayer/tikz/tikz.code.tex
Package: tikz 2023-01-15 v3.1.10 (3.1.10)
 (/Users/sminhas/Library/TinyTeX/texmf-dist/tex/generic/pgf/libraries/pgflibraryplothandlers.code.tex
File: pgflibraryplothandlers.code.tex 2023-01-15 v3.1.10 (3.1.10)
\pgf@plot@mark@count=\count404
\pgfplotmarksize=\dimen347
)
\tikz@lastx=\dimen348
\tikz@lasty=\dimen349
\tikz@lastxsaved=\dimen350
\tikz@lastysaved=\dimen351
\tikz@lastmovetox=\dimen352
\tikz@lastmovetoy=\dimen353
\tikzleveldistance=\dimen354
\tikzsiblingdistance=\dimen355
\tikz@figbox=\box132
\tikz@figbox@bg=\box133
\tikz@tempbox=\box134
\tikz@tempbox@bg=\box135
\tikztreelevel=\count405
\tikznumberofchildren=\count406
\tikznumberofcurrentchild=\count407
\tikz@fig@count=\count408
 (/Users/sminhas/Library/TinyTeX/texmf-dist/tex/generic/pgf/modules/pgfmodulematrix.code.tex
File: pgfmodulematrix.code.tex 2023-01-15 v3.1.10 (3.1.10)
\pgfmatrixcurrentrow=\count409
\pgfmatrixcurrentcolumn=\count410
\pgf@matrix@numberofcolumns=\count411
)
\tikz@expandcount=\count412
 (/Users/sminhas/Library/TinyTeX/texmf-dist/tex/generic/pgf/frontendlayer/tikz/libraries/tikzlibrarytopaths.code.tex
File: tikzlibrarytopaths.code.tex 2023-01-15 v3.1.10 (3.1.10)
))) (/Users/sminhas/Library/TinyTeX/texmf-dist/tex/latex/graphics/rotating.sty
Package: rotating 2025/01/14 v2.16e rotated objects in LaTeX
 (/Users/sminhas/Library/TinyTeX/texmf-dist/tex/latex/base/ifthen.sty
Package: ifthen 2024/03/16 v1.1e Standard LaTeX ifthen package (DPC)
)
\c@r@tfl@t=\count413
\rotFPtop=\skip99
\rotFPbot=\skip100
\rot@float@box=\box136
\rot@mess@toks=\toks51
) (/Users/sminhas/Library/TinyTeX/texmf-dist/tex/latex/graphics/lscape.sty
Package: lscape 2020/05/28 v3.02 Landscape Pages (DPC)
) (/Users/sminhas/Library/TinyTeX/texmf-dist/tex/latex/setspace/setspace.sty
Package: setspace 2022/12/04 v6.7b set line spacing
)
Package hyperref Info: Option `unicode' set `false' on input line 115.
Package hyperref Info: Option `pdftoolbar' set `true' on input line 115.
Package hyperref Info: Option `pdfmenubar' set `true' on input line 115.
Package hyperref Info: Option `pdffitwindow' set `false' on input line 115.
Package hyperref Info: Option `pdfnewwindow' set `true' on input line 115.
Package hyperref Info: Option `colorlinks' set `true' on input line 115.
Package translations Info: No language package found. I am going to use `english' as default language. on input line 215.
 (/Users/sminhas/Library/TinyTeX/texmf-dist/tex/latex/l3backend/l3backend-pdftex.def
File: l3backend-pdftex.def 2025-04-14 L3 backend support: PDF output (pdfTeX)
\l__color_backend_stack_int=\count414
)

LaTeX Warning: Unused global option(s):
    [onesided].

(./influenceNetworks.aux)
\openout1 = `influenceNetworks.aux'.

LaTeX Font Info:    Checking defaults for OML/cmm/m/it on input line 215.
LaTeX Font Info:    ... okay on input line 215.
LaTeX Font Info:    Checking defaults for OMS/cmsy/m/n on input line 215.
LaTeX Font Info:    ... okay on input line 215.
LaTeX Font Info:    Checking defaults for OT1/cmr/m/n on input line 215.
LaTeX Font Info:    ... okay on input line 215.
LaTeX Font Info:    Checking defaults for T1/cmr/m/n on input line 215.
LaTeX Font Info:    ... okay on input line 215.
LaTeX Font Info:    Checking defaults for TS1/cmr/m/n on input line 215.
LaTeX Font Info:    ... okay on input line 215.
LaTeX Font Info:    Checking defaults for OMX/cmex/m/n on input line 215.
LaTeX Font Info:    ... okay on input line 215.
LaTeX Font Info:    Checking defaults for U/cmr/m/n on input line 215.
LaTeX Font Info:    ... okay on input line 215.
LaTeX Font Info:    Checking defaults for PD1/pdf/m/n on input line 215.
LaTeX Font Info:    ... okay on input line 215.
LaTeX Font Info:    Checking defaults for PU/pdf/m/n on input line 215.
LaTeX Font Info:    ... okay on input line 215.
LaTeX Font Info:    Font shape `T1/opensans-TOsF/m/n' will be
(Font)              scaled to size 9.49997pt on input line 215.
LaTeX Font Info:    Trying to load font information for U+msa on input line 215.
 (/Users/sminhas/Library/TinyTeX/texmf-dist/tex/latex/amsfonts/umsa.fd
File: umsa.fd 2013/01/14 v3.01 AMS symbols A
)
LaTeX Font Info:    Trying to load font information for U+msb on input line 215.
 (/Users/sminhas/Library/TinyTeX/texmf-dist/tex/latex/amsfonts/umsb.fd
File: umsb.fd 2013/01/14 v3.01 AMS symbols B
)
\c@mv@tabular=\count415
\c@mv@boldtabular=\count416

*geometry* driver: auto-detecting
*geometry* detected driver: pdftex

Package geometry Warning: The marginal notes overrun the paper.
     Add 21.50256pt and more to the right margin.

*geometry* verbose mode - [ preamble ] result:
* driver: pdftex
* paper: <default>
* layout: <same size as paper>
* layoutoffset:(h,v)=(0.0pt,0.0pt)
* modes: twoside 
* h-part:(L,W,R)=(79.49744pt, 455.30013pt, 79.49744pt)
* v-part:(T,H,B)=(90.3375pt, 614.295pt, 90.3375pt)
* \paperwidth=614.295pt
* \paperheight=794.96999pt
* \textwidth=455.30013pt
* \textheight=614.295pt
* \oddsidemargin=7.22745pt
* \evensidemargin=7.22745pt
* \topmargin=-3.9325pt
* \headheight=15.0pt
* \headsep=20.0pt
* \topskip=10.0pt
* \footskip=12.0pt
* \marginparwidth=90.0pt
* \marginparsep=11.0pt
* \columnsep=10.0pt
* \skip\footins=7.0pt plus 11.0pt
* \hoffset=0.0pt
* \voffset=0.0pt
* \mag=1000
* \@twocolumnfalse
* \@twosidetrue
* \@mparswitchtrue
* \@reversemarginfalse
* (1in=72.27pt=25.4mm, 1cm=28.453pt)

(/Users/sminhas/Library/TinyTeX/texmf-dist/tex/context/base/mkii/supp-pdf.mkii
[Loading MPS to PDF converter (version 2006.09.02).]
\scratchcounter=\count417
\scratchdimen=\dimen356
\scratchbox=\box137
\nofMPsegments=\count418
\nofMParguments=\count419
\everyMPshowfont=\toks52
\MPscratchCnt=\count420
\MPscratchDim=\dimen357
\MPnumerator=\count421
\makeMPintoPDFobject=\count422
\everyMPtoPDFconversion=\toks53
) (/Users/sminhas/Library/TinyTeX/texmf-dist/tex/latex/epstopdf-pkg/epstopdf-base.sty
Package: epstopdf-base 2020-01-24 v2.11 Base part for package epstopdf
 (/Users/sminhas/Library/TinyTeX/texmf-dist/tex/latex/grfext/grfext.sty
Package: grfext 2019/12/03 v1.3 Manage graphics extensions (HO)
)
Package epstopdf-base Info: Redefining graphics rule for `.eps' on input line 485.
Package grfext Info: Graphics extension search list:
(grfext)             [.pdf,.png,.jpg,.mps,.jpeg,.jbig2,.jb2,.PDF,.PNG,.JPG,.JPEG,.JBIG2,.JB2,.eps]
(grfext)             \AppendGraphicsExtensions on input line 504.
 (/Users/sminhas/Library/TinyTeX/texmf-dist/tex/latex/latexconfig/epstopdf-sys.cfg
File: epstopdf-sys.cfg 2010/07/13 v1.3 Configuration of (r)epstopdf for TeX Live
)) (/Users/sminhas/Library/TinyTeX/texmf-dist/tex/latex/translations/translations-basic-dictionary-english.trsl
File: translations-basic-dictionary-english.trsl (english translation file `translations-basic-dictionary')
)
Package translations Info: loading dictionary `translations-basic-dictionary' for `english'. on input line 215.
Package caption Info: Begin \AtBeginDocument code.
Package caption Info: subfig package v1.3 is loaded.
Package caption Info: hyperref package is loaded.
Package caption Info: rotating package is loaded.
Package caption Info: End \AtBeginDocument code.
Package hyperref Info: Link coloring ON on input line 215.
 (./influenceNetworks.out) (./influenceNetworks.out)
\@outlinefile=\write4
\openout4 = `influenceNetworks.out'.

LaTeX Font Info:    Font shape `T1/opensans-TOsF/m/it' will be
(Font)              scaled to size 9.49997pt on input line 216.
LaTeX Font Info:    Trying to load font information for T1+aett on input line 216.
 (/Users/sminhas/Library/TinyTeX/texmf-dist/tex/latex/ae/t1aett.fd
File: t1aett.fd 1997/11/16 Font definitions for T1/aett.
)
LaTeX Font Info:    Font shape `T1/opensans-TOsF/b/n' will be
(Font)              scaled to size 11.39996pt on input line 216.
LaTeX Font Info:    Font shape `T1/opensans-TOsF/m/n' will be
(Font)              scaled to size 10.40245pt on input line 218.


Class amsart Warning: Abstract should precede \maketitle in AMS document classes; reported on input line 219.


LaTeX Font Warning: Font shape `T1/opensans-TOsF/m/sc' undefined
(Font)              using `T1/opensans-TOsF/m/n' instead on input line 219.

(./1_Abstract.tex)

[1{/Users/sminhas/Library/TinyTeX/texmf-var/fonts/map/pdftex/updmap/pdftex.map}{/Users/sminhas/Library/TinyTeX/texmf-dist/fonts/enc/dvips/opensans/a_p2vepx.enc}] (./2_intro.tex
LaTeX Font Info:    Font shape `T1/opensans-TOsF/m/sc' will be
(Font)              scaled to size 10.40245pt on input line 1.


LaTeX Font Warning: Font shape `T1/opensans-TOsF/b/sc' undefined
(Font)              using `T1/opensans-TOsF/b/n' instead on input line 1.

LaTeX Font Info:    Font shape `T1/opensans-TOsF/b/n' will be
(Font)              scaled to size 10.40245pt on input line 1.
LaTeX Font Info:    Font shape `T1/opensans-TOsF/m/n' will be
(Font)              scaled to size 7.59998pt on input line 13.



Package fancyhdr Warning: \footskip is too small (12.0pt): 
(fancyhdr)                Make it at least 14.0pt, for example:
(fancyhdr)                \setlength{\footskip}{14.0pt}.


pdfTeX warning (ext4): destination with the same identifier (name{page.1}) has been already used, duplicate ignored
<to be read again> 
                   \relax 
l.15 T
      he key innovation of the SIR model is its ability to explicitly accoun... [1]
Underfull \vbox (badness 10000) has occurred while \output is active []




Package fancyhdr Warning: \footskip is too small (12.0pt): 
(fancyhdr)                Make it at least 14.0pt, for example:
(fancyhdr)                \setlength{\footskip}{14.0pt}.

[2]) (./3_model.tex
LaTeX Font Info:    Font shape `T1/opensans-TOsF/b/sc' will be
(Font)              scaled to size 10.40245pt on input line 1.



Package fancyhdr Warning: \footskip is too small (12.0pt): 
(fancyhdr)                Make it at least 14.0pt, for example:
(fancyhdr)                \setlength{\footskip}{14.0pt}.

[3] (./Graphics/tensorViz.tex)


Package fancyhdr Warning: \footskip is too small (12.0pt): 
(fancyhdr)                Make it at least 14.0pt, for example:
(fancyhdr)                \setlength{\footskip}{14.0pt}.

[4]
LaTeX Font Info:    Font shape `T1/opensans-TOsF/m/n' will be
(Font)              scaled to size 5.69998pt on input line 46.

Overfull \hbox (8.2127pt too wide) in paragraph at lines 46--47
\T1/opensans-TOsF/m/sc/10.95 tri-ces defin-ing count-based events be-tween ac-tors. For in-stance, we model $\OML/cmm/m/it/10.95 y[] \OMS/cmsy/m/n/10.95 ^^X []\OT1/cmr/m/n/10.95 (\OML/cmm/m/it/10.95 e[]\OT1/cmr/m/n/10.95 )$\T1/opensans-TOsF/m/sc/10.95 ,
 []




Package fancyhdr Warning: \footskip is too small (12.0pt): 
(fancyhdr)                Make it at least 14.0pt, for example:
(fancyhdr)                \setlength{\footskip}{14.0pt}.

[5]
Underfull \vbox (badness 10000) has occurred while \output is active []




Package fancyhdr Warning: \footskip is too small (12.0pt): 
(fancyhdr)                Make it at least 14.0pt, for example:
(fancyhdr)                \setlength{\footskip}{14.0pt}.

[6]


Package fancyhdr Warning: \footskip is too small (12.0pt): 
(fancyhdr)                Make it at least 14.0pt, for example:
(fancyhdr)                \setlength{\footskip}{14.0pt}.

[7]
Underfull \vbox (badness 5359) has occurred while \output is active []




Package fancyhdr Warning: \footskip is too small (12.0pt): 
(fancyhdr)                Make it at least 14.0pt, for example:
(fancyhdr)                \setlength{\footskip}{14.0pt}.

[8]
Overfull \hbox (10.31636pt too wide) in paragraph at lines 155--156
\T1/opensans-TOsF/m/sc/10.95 es-ti-mates by com-put-ing the stan-dard er-rors. These stan-dard er-rors are de-rived from the variance-
 []




Package fancyhdr Warning: \footskip is too small (12.0pt): 
(fancyhdr)                Make it at least 14.0pt, for example:
(fancyhdr)                \setlength{\footskip}{14.0pt}.

[9]
Underfull \vbox (badness 10000) has occurred while \output is active []




Package fancyhdr Warning: \footskip is too small (12.0pt): 
(fancyhdr)                Make it at least 14.0pt, for example:
(fancyhdr)                \setlength{\footskip}{14.0pt}.

[10]
Underfull \vbox (badness 10000) has occurred while \output is active []




Package fancyhdr Warning: \footskip is too small (12.0pt): 
(fancyhdr)                Make it at least 14.0pt, for example:
(fancyhdr)                \setlength{\footskip}{14.0pt}.

[11]
<Graphics/socialInfluenceViz3.png, id=225, 1712.64844pt x 779.16093pt>
File: Graphics/socialInfluenceViz3.png Graphic file (type png)
<use Graphics/socialInfluenceViz3.png>
Package pdftex.def Info: Graphics/socialInfluenceViz3.png  used on input line 250.
(pdftex.def)             Requested size: 455.30013pt x 207.13055pt.
) (./4_app.tex


Package fancyhdr Warning: \footskip is too small (12.0pt): 
(fancyhdr)                Make it at least 14.0pt, for example:
(fancyhdr)                \setlength{\footskip}{14.0pt}.

[12]
LaTeX Font Info:    Font shape `T1/opensans-TOsF/m/it' will be
(Font)              scaled to size 10.40245pt on input line 7.



Package fancyhdr Warning: \footskip is too small (12.0pt): 
(fancyhdr)                Make it at least 14.0pt, for example:
(fancyhdr)                \setlength{\footskip}{14.0pt}.

[13 <./Graphics/socialInfluenceViz3.png>]
LaTeX Font Info:    Font shape `T1/opensans-TOsF/m/n' will be
(Font)              scaled to size 6.64998pt on input line 15.
LaTeX Font Info:    Font shape `T1/opensans-TOsF/m/sc' will be
(Font)              scaled to size 11.39996pt on input line 22.

Overfull \hbox (11.66594pt too wide) in paragraph at lines 22--22
 []|\T1/opensans-TOsF/m/sc/12 January 
 []

<Graphics/figure4_jan05.pdf, id=264, 435.6275pt x 205.76875pt>
File: Graphics/figure4_jan05.pdf Graphic file (type pdf)
<use Graphics/figure4_jan05.pdf>
Package pdftex.def Info: Graphics/figure4_jan05.pdf  used on input line 22.
(pdftex.def)             Requested size: 364.24149pt x 172.04706pt.

Overfull \hbox (293.1096pt too wide) in paragraph at lines 22--23
 []|[]| 
 []


Overfull \hbox (26.71503pt too wide) in paragraph at lines 23--23
 []|\T1/opensans-TOsF/m/sc/12 December 
 []

<Graphics/figure4_dec12.pdf, id=265, 435.6275pt x 206.7725pt>
File: Graphics/figure4_dec12.pdf Graphic file (type pdf)
<use Graphics/figure4_dec12.pdf>
Package pdftex.def Info: Graphics/figure4_dec12.pdf  used on input line 23.
(pdftex.def)             Requested size: 364.24149pt x 172.8863pt.

Overfull \hbox (293.1096pt too wide) in paragraph at lines 23--24
 []|[]| 
 []

<Graphics/map.pdf, id=266, 394.47375pt x 156.585pt>
File: Graphics/map.pdf Graphic file (type pdf)
<use Graphics/map.pdf>
Package pdftex.def Info: Graphics/map.pdf  used on input line 24.
(pdftex.def)             Requested size: 182.11726pt x 72.29039pt.



Package fancyhdr Warning: \footskip is too small (12.0pt): 
(fancyhdr)                Make it at least 14.0pt, for example:
(fancyhdr)                \setlength{\footskip}{14.0pt}.

[14]


Package fancyhdr Warning: \footskip is too small (12.0pt): 
(fancyhdr)                Make it at least 14.0pt, for example:
(fancyhdr)                \setlength{\footskip}{14.0pt}.

[15 <./Graphics/figure4_jan05.pdf> <./Graphics/figure4_dec12.pdf> <./Graphics/map.pdf>]
LaTeX Font Info:    Font shape `T1/opensans-TOsF/b/n' will be
(Font)              scaled to size 9.49997pt on input line 41.



Package fancyhdr Warning: \footskip is too small (12.0pt): 
(fancyhdr)                Make it at least 14.0pt, for example:
(fancyhdr)                \setlength{\footskip}{14.0pt}.

[16]


Package fancyhdr Warning: \footskip is too small (12.0pt): 
(fancyhdr)                Make it at least 14.0pt, for example:
(fancyhdr)                \setlength{\footskip}{14.0pt}.

[17]


Package fancyhdr Warning: \footskip is too small (12.0pt): 
(fancyhdr)                Make it at least 14.0pt, for example:
(fancyhdr)                \setlength{\footskip}{14.0pt}.

[18]
LaTeX Font Info:    Font shape `T1/opensans-TOsF/m/n' will be
(Font)              scaled to size 16.41594pt on input line 72.
 (./Graphics/greenArray.tex) (./Graphics/redArray.tex)


Package fancyhdr Warning: \footskip is too small (12.0pt): 
(fancyhdr)                Make it at least 14.0pt, for example:
(fancyhdr)                \setlength{\footskip}{14.0pt}.

[19]
Overfull \hbox (5.05061pt too wide) in paragraph at lines 94--95
 []\T1/opensans-TOsF/b/sc/10.95 Parameter Es-ti-mates.[][] \T1/opensans-TOsF/m/sc/10.95 Fig-ure [][]5[][] de-picts the pa-ram-e-ter es-ti-mates us-ing a set of co-ef-fi-cient plots.[][][][][]
 []

<Graphics/figure5.pdf, id=415, 433.62pt x 361.35pt>
File: Graphics/figure5.pdf Graphic file (type pdf)
<use Graphics/figure5.pdf>
Package pdftex.def Info: Graphics/figure5.pdf  used on input line 100.
(pdftex.def)             Requested size: 455.30013pt x 379.43422pt.



Package fancyhdr Warning: \footskip is too small (12.0pt): 
(fancyhdr)                Make it at least 14.0pt, for example:
(fancyhdr)                \setlength{\footskip}{14.0pt}.

[20]


Package fancyhdr Warning: \footskip is too small (12.0pt): 
(fancyhdr)                Make it at least 14.0pt, for example:
(fancyhdr)                \setlength{\footskip}{14.0pt}.

[21 <./Graphics/figure5.pdf>]


Package fancyhdr Warning: \footskip is too small (12.0pt): 
(fancyhdr)                Make it at least 14.0pt, for example:
(fancyhdr)                \setlength{\footskip}{14.0pt}.

[22]
LaTeX Font Info:    Font shape `T1/opensans-TOsF/b/sc' will be
(Font)              scaled to size 11.39996pt on input line 124.
<Graphics/aInfl_2007_06_01.pdf, id=464, 777.90625pt x 415.5525pt>
File: Graphics/aInfl_2007_06_01.pdf Graphic file (type pdf)
<use Graphics/aInfl_2007_06_01.pdf>
Package pdftex.def Info: Graphics/aInfl_2007_06_01.pdf  used on input line 126.
(pdftex.def)             Requested size: 364.24149pt x 194.5805pt.
<Graphics/bInfl_2007_06_01.pdf, id=465, 777.90625pt x 415.5525pt>
File: Graphics/bInfl_2007_06_01.pdf Graphic file (type pdf)
<use Graphics/bInfl_2007_06_01.pdf>
Package pdftex.def Info: Graphics/bInfl_2007_06_01.pdf  used on input line 128.
(pdftex.def)             Requested size: 364.24149pt x 194.5805pt.



Package fancyhdr Warning: \footskip is too small (12.0pt): 
(fancyhdr)                Make it at least 14.0pt, for example:
(fancyhdr)                \setlength{\footskip}{14.0pt}.

[23]
Overfull \hbox (5.50188pt too wide) in paragraph at lines 139--140
 []\T1/opensans-TOsF/b/sc/10.95 Performance Com-par-i-son.[][] \T1/opensans-TOsF/m/sc/10.95 A com-mon and im-por-tant ar-gu-ment for em-ploy-ing a net-work based
 []


Underfull \vbox (badness 1852) has occurred while \output is active []




Package fancyhdr Warning: \footskip is too small (12.0pt): 
(fancyhdr)                Make it at least 14.0pt, for example:
(fancyhdr)                \setlength{\footskip}{14.0pt}.

[24 <./Graphics/aInfl_2007_06_01.pdf> <./Graphics/bInfl_2007_06_01.pdf>]
<Graphics/figure7.pdf, id=504, 361.35pt x 289.08pt>
File: Graphics/figure7.pdf Graphic file (type pdf)
<use Graphics/figure7.pdf>
Package pdftex.def Info: Graphics/figure7.pdf  used on input line 147.
(pdftex.def)             Requested size: 364.24149pt x 291.39505pt.



Package fancyhdr Warning: \footskip is too small (12.0pt): 
(fancyhdr)                Make it at least 14.0pt, for example:
(fancyhdr)                \setlength{\footskip}{14.0pt}.

[25]
<Graphics/figure8.pdf, id=516, 361.35pt x 289.08pt>
File: Graphics/figure8.pdf Graphic file (type pdf)
<use Graphics/figure8.pdf>
Package pdftex.def Info: Graphics/figure8.pdf  used on input line 159.
(pdftex.def)             Requested size: 364.24149pt x 291.39505pt.



Package fancyhdr Warning: \footskip is too small (12.0pt): 
(fancyhdr)                Make it at least 14.0pt, for example:
(fancyhdr)                \setlength{\footskip}{14.0pt}.

[26 <./Graphics/figure7.pdf>]) (./5_concl.tex


Package fancyhdr Warning: \footskip is too small (12.0pt): 
(fancyhdr)                Make it at least 14.0pt, for example:
(fancyhdr)                \setlength{\footskip}{14.0pt}.

[27 <./Graphics/figure8.pdf>]) (./6_append.tex


Package fancyhdr Warning: \footskip is too small (12.0pt): 
(fancyhdr)                Make it at least 14.0pt, for example:
(fancyhdr)                \setlength{\footskip}{14.0pt}.

[28]
<Graphics/figurea1.pdf, id=562, 578.16pt x 505.89pt>
File: Graphics/figurea1.pdf Graphic file (type pdf)
<use Graphics/figurea1.pdf>
Package pdftex.def Info: Graphics/figurea1.pdf  used on input line 16.
(pdftex.def)             Requested size: 455.30013pt x 398.38275pt.



Package fancyhdr Warning: \footskip is too small (12.0pt): 
(fancyhdr)                Make it at least 14.0pt, for example:
(fancyhdr)                \setlength{\footskip}{14.0pt}.

[29

 <./Graphics/figurea1.pdf>]
LaTeX Font Info:    Font shape `T1/opensans-TOsF/m/sc' will be
(Font)              scaled to size 8.54997pt on input line 33.
LaTeX Font Info:    Font shape `T1/opensans-TOsF/m/sc' will be
(Font)              scaled to size 7.59998pt on input line 34.
<Graphics/aInfl_2005_02_01.pdf, id=582, 777.90625pt x 415.5525pt>
File: Graphics/aInfl_2005_02_01.pdf Graphic file (type pdf)
<use Graphics/aInfl_2005_02_01.pdf>
Package pdftex.def Info: Graphics/aInfl_2005_02_01.pdf  used on input line 35.
(pdftex.def)             Requested size: 114.99538pt x 61.43324pt.
<Graphics/aInfl_2006_09_01.pdf, id=583, 777.90625pt x 415.5525pt>
File: Graphics/aInfl_2006_09_01.pdf Graphic file (type pdf)
<use Graphics/aInfl_2006_09_01.pdf>
Package pdftex.def Info: Graphics/aInfl_2006_09_01.pdf  used on input line 36.
(pdftex.def)             Requested size: 114.99538pt x 61.43324pt.
File: Graphics/aInfl_2007_06_01.pdf Graphic file (type pdf)
<use Graphics/aInfl_2007_06_01.pdf>
Package pdftex.def Info: Graphics/aInfl_2007_06_01.pdf  used on input line 37.
(pdftex.def)             Requested size: 114.99538pt x 61.43324pt.
<Graphics/aInfl_2008_04_01.pdf, id=584, 777.90625pt x 415.5525pt>
File: Graphics/aInfl_2008_04_01.pdf Graphic file (type pdf)
<use Graphics/aInfl_2008_04_01.pdf>
Package pdftex.def Info: Graphics/aInfl_2008_04_01.pdf  used on input line 39.
(pdftex.def)             Requested size: 114.99538pt x 61.43324pt.
<Graphics/aInfl_2009_01_01.pdf, id=585, 777.90625pt x 415.5525pt>
File: Graphics/aInfl_2009_01_01.pdf Graphic file (type pdf)
<use Graphics/aInfl_2009_01_01.pdf>
Package pdftex.def Info: Graphics/aInfl_2009_01_01.pdf  used on input line 40.
(pdftex.def)             Requested size: 114.99538pt x 61.43324pt.
<Graphics/aInfl_2010_08_01.pdf, id=586, 777.90625pt x 415.5525pt>
File: Graphics/aInfl_2010_08_01.pdf Graphic file (type pdf)
<use Graphics/aInfl_2010_08_01.pdf>
Package pdftex.def Info: Graphics/aInfl_2010_08_01.pdf  used on input line 41.
(pdftex.def)             Requested size: 114.99538pt x 61.43324pt.
<Graphics/aInfl_2009_10_01.pdf, id=587, 777.90625pt x 415.5525pt>
File: Graphics/aInfl_2009_10_01.pdf Graphic file (type pdf)
<use Graphics/aInfl_2009_10_01.pdf>
Package pdftex.def Info: Graphics/aInfl_2009_10_01.pdf  used on input line 43.
(pdftex.def)             Requested size: 114.99538pt x 61.43324pt.
<Graphics/aInfl_2011_05_01.pdf, id=588, 777.90625pt x 415.5525pt>
File: Graphics/aInfl_2011_05_01.pdf Graphic file (type pdf)
<use Graphics/aInfl_2011_05_01.pdf>
Package pdftex.def Info: Graphics/aInfl_2011_05_01.pdf  used on input line 44.
(pdftex.def)             Requested size: 114.99538pt x 61.43324pt.
<Graphics/aInfl_2012_12_01.pdf, id=589, 777.90625pt x 415.5525pt>
File: Graphics/aInfl_2012_12_01.pdf Graphic file (type pdf)
<use Graphics/aInfl_2012_12_01.pdf>
Package pdftex.def Info: Graphics/aInfl_2012_12_01.pdf  used on input line 45.
(pdftex.def)             Requested size: 114.99538pt x 61.43324pt.
<Graphics/bInfl_2005_02_01.pdf, id=590, 777.90625pt x 415.5525pt>
File: Graphics/bInfl_2005_02_01.pdf Graphic file (type pdf)
<use Graphics/bInfl_2005_02_01.pdf>
Package pdftex.def Info: Graphics/bInfl_2005_02_01.pdf  used on input line 48.
(pdftex.def)             Requested size: 114.99538pt x 61.43324pt.
<Graphics/bInfl_2006_09_01.pdf, id=591, 777.90625pt x 415.5525pt>
File: Graphics/bInfl_2006_09_01.pdf Graphic file (type pdf)
<use Graphics/bInfl_2006_09_01.pdf>
Package pdftex.def Info: Graphics/bInfl_2006_09_01.pdf  used on input line 49.
(pdftex.def)             Requested size: 114.99538pt x 61.43324pt.
File: Graphics/bInfl_2007_06_01.pdf Graphic file (type pdf)
<use Graphics/bInfl_2007_06_01.pdf>
Package pdftex.def Info: Graphics/bInfl_2007_06_01.pdf  used on input line 50.
(pdftex.def)             Requested size: 114.99538pt x 61.43324pt.
<Graphics/bInfl_2008_04_01.pdf, id=592, 777.90625pt x 415.5525pt>
File: Graphics/bInfl_2008_04_01.pdf Graphic file (type pdf)
<use Graphics/bInfl_2008_04_01.pdf>
Package pdftex.def Info: Graphics/bInfl_2008_04_01.pdf  used on input line 52.
(pdftex.def)             Requested size: 114.99538pt x 61.43324pt.
<Graphics/bInfl_2009_01_01.pdf, id=593, 777.90625pt x 415.5525pt>
File: Graphics/bInfl_2009_01_01.pdf Graphic file (type pdf)
<use Graphics/bInfl_2009_01_01.pdf>
Package pdftex.def Info: Graphics/bInfl_2009_01_01.pdf  used on input line 53.
(pdftex.def)             Requested size: 114.99538pt x 61.43324pt.
<Graphics/bInfl_2010_08_01.pdf, id=594, 777.90625pt x 415.5525pt>
File: Graphics/bInfl_2010_08_01.pdf Graphic file (type pdf)
<use Graphics/bInfl_2010_08_01.pdf>
Package pdftex.def Info: Graphics/bInfl_2010_08_01.pdf  used on input line 54.
(pdftex.def)             Requested size: 114.99538pt x 61.43324pt.
<Graphics/bInfl_2009_10_01.pdf, id=595, 777.90625pt x 415.5525pt>
File: Graphics/bInfl_2009_10_01.pdf Graphic file (type pdf)
<use Graphics/bInfl_2009_10_01.pdf>
Package pdftex.def Info: Graphics/bInfl_2009_10_01.pdf  used on input line 56.
(pdftex.def)             Requested size: 114.99538pt x 61.43324pt.
<Graphics/bInfl_2011_05_01.pdf, id=596, 777.90625pt x 415.5525pt>
File: Graphics/bInfl_2011_05_01.pdf Graphic file (type pdf)
<use Graphics/bInfl_2011_05_01.pdf>
Package pdftex.def Info: Graphics/bInfl_2011_05_01.pdf  used on input line 57.
(pdftex.def)             Requested size: 114.99538pt x 61.43324pt.
<Graphics/bInfl_2012_12_01.pdf, id=597, 777.90625pt x 415.5525pt>
File: Graphics/bInfl_2012_12_01.pdf Graphic file (type pdf)
<use Graphics/bInfl_2012_12_01.pdf>
Package pdftex.def Info: Graphics/bInfl_2012_12_01.pdf  used on input line 58.
(pdftex.def)             Requested size: 114.99538pt x 61.43324pt.



Package fancyhdr Warning: \footskip is too small (12.0pt): 
(fancyhdr)                Make it at least 14.0pt, for example:
(fancyhdr)                \setlength{\footskip}{14.0pt}.

[30

 <./Graphics/aInfl_2005_02_01.pdf> <./Graphics/aInfl_2006_09_01.pdf> <./Graphics/aInfl_2008_04_01.pdf> <./Graphics/aInfl_2009_01_01.pdf> <./Graphics/aInfl_2010_08_01.pdf> <./Graphics/aInfl_2009_10_01.pdf> <./Graphics/aInfl_2011_05_01.pdf> <./Graphics/aInfl_2012_12_01.pdf> <./Graphics/bInfl_2005_02_01.pdf> <./Graphics/bInfl_2006_09_01.pdf> <./Graphics/bInfl_2008_04_01.pdf> <./Graphics/bInfl_2009_01_01.pdf> <./Graphics/bInfl_2010_08_01.pdf> <./Graphics/bInfl_2009_10_01.pdf> <./Graphics/bInfl_2011_05_01.pdf> <./Graphics/bInfl_2012_12_01.pdf>]


Package fancyhdr Warning: \footskip is too small (12.0pt): 
(fancyhdr)                Make it at least 14.0pt, for example:
(fancyhdr)                \setlength{\footskip}{14.0pt}.

[31

]
Underfull \vbox (badness 10000) has occurred while \output is active []




Package fancyhdr Warning: \footskip is too small (12.0pt): 
(fancyhdr)                Make it at least 14.0pt, for example:
(fancyhdr)                \setlength{\footskip}{14.0pt}.

[32

]


Package fancyhdr Warning: \footskip is too small (12.0pt): 
(fancyhdr)                Make it at least 14.0pt, for example:
(fancyhdr)                \setlength{\footskip}{14.0pt}.

[33])


Package fancyhdr Warning: \footskip is too small (12.0pt): 
(fancyhdr)                Make it at least 14.0pt, for example:
(fancyhdr)                \setlength{\footskip}{14.0pt}.

[34

]


Package fancyhdr Warning: \footskip is too small (12.0pt): 
(fancyhdr)                Make it at least 14.0pt, for example:
(fancyhdr)                \setlength{\footskip}{14.0pt}.

[35] (./influenceNetworks.bbl
Underfull \hbox (badness 2005) in paragraph at lines 16--18
[]\T1/opensans-TOsF/m/sc/10.95 Boschee, Eliz-a-beth, Jen-nifer Laut-en-schlager, Sean O'Brien, Steve Shell-man, James Starz
 []


Underfull \vbox (badness 10000) has occurred while \output is active []




Package fancyhdr Warning: \footskip is too small (12.0pt): 
(fancyhdr)                Make it at least 14.0pt, for example:
(fancyhdr)                \setlength{\footskip}{14.0pt}.

[36

]
Underfull \vbox (badness 10000) has occurred while \output is active []




Package fancyhdr Warning: \footskip is too small (12.0pt): 
(fancyhdr)                Make it at least 14.0pt, for example:
(fancyhdr)                \setlength{\footskip}{14.0pt}.

[37]
Underfull \vbox (badness 10000) has occurred while \output is active []




Package fancyhdr Warning: \footskip is too small (12.0pt): 
(fancyhdr)                Make it at least 14.0pt, for example:
(fancyhdr)                \setlength{\footskip}{14.0pt}.

[38])


Package fancyhdr Warning: \footskip is too small (12.0pt): 
(fancyhdr)                Make it at least 14.0pt, for example:
(fancyhdr)                \setlength{\footskip}{14.0pt}.

[39]
LaTeX Font Info:    Font shape `T1/opensans-TOsF/m/sc' will be
(Font)              scaled to size 9.49997pt on input line 248.



Package fancyhdr Warning: \footskip is too small (12.0pt): 
(fancyhdr)                Make it at least 14.0pt, for example:
(fancyhdr)                \setlength{\footskip}{14.0pt}.

[40] (./influenceNetworks.aux)
 ***********
LaTeX2e <2025-06-01>
L3 programming layer <2025-05-26>
 ***********


LaTeX Font Warning: Some font shapes were not available, defaults substituted.

Package rerunfilecheck Info: File `influenceNetworks.out' has not changed.
(rerunfilecheck)             Checksum: B92398F066B793B8FD70077D27853D3A;1456.
 ) 
Here is how much of TeX's memory you used:
 32105 strings out of 467892
 643270 string characters out of 5430503
 1009859 words of memory out of 5000000
 59760 multiletter control sequences out of 15000+600000
 657674 words of font info for 140 fonts, out of 8000000 for 9000
 1302 hyphenation exceptions out of 8191
 86i,18n,117p,1880b,1219s stack positions out of 10000i,1000n,20000p,200000b,200000s

pdfTeX warning (dest): name{Hfootnote.17} has been referenced but does not exist, replaced by a fixed one


pdfTeX warning (dest): name{Hfootnote.16} has been referenced but does not exist, replaced by a fixed one


pdfTeX warning (dest): name{Hfootnote.15} has been referenced but does not exist, replaced by a fixed one


pdfTeX warning (dest): name{Hfootnote.14} has been referenced but does not exist, replaced by a fixed one


pdfTeX warning (dest): name{Hfootnote.13} has been referenced but does not exist, replaced by a fixed one


pdfTeX warning (dest): name{Hfootnote.12} has been referenced but does not exist, replaced by a fixed one


pdfTeX warning (dest): name{Hfootnote.11} has been referenced but does not exist, replaced by a fixed one


pdfTeX warning (dest): name{Hfootnote.10} has been referenced but does not exist, replaced by a fixed one


pdfTeX warning (dest): name{Hfootnote.9} has been referenced but does not exist, replaced by a fixed one


pdfTeX warning (dest): name{Hfootnote.8} has been referenced but does not exist, replaced by a fixed one


pdfTeX warning (dest): name{Hfootnote.7} has been referenced but does not exist, replaced by a fixed one


pdfTeX warning (dest): name{Hfootnote.6} has been referenced but does not exist, replaced by a fixed one


pdfTeX warning (dest): name{Hfootnote.5} has been referenced but does not exist, replaced by a fixed one


pdfTeX warning (dest): name{Hfootnote.4} has been referenced but does not exist, replaced by a fixed one


pdfTeX warning (dest): name{Hfootnote.3} has been referenced but does not exist, replaced by a fixed one


pdfTeX warning (dest): name{Hfootnote.2} has been referenced but does not exist, replaced by a fixed one


pdfTeX warning (dest): name{Hfootnote.1} has been referenced but does not exist, replaced by a fixed one

</Users/sminhas/Library/TinyTeX/texmf-dist/fonts/type1/ascender/opensans/OpenSans-Bold.pfb></Users/sminhas/Library/TinyTeX/texmf-dist/fonts/type1/ascender/opensans/OpenSans-Italic.pfb></Users/sminhas/Library/TinyTeX/texmf-dist/fonts/type1/ascender/opensans/OpenSans-Regular.pfb></Users/sminhas/Library/TinyTeX/texmf-dist/fonts/type1/public/amsfonts/cm/cmex10.pfb></Users/sminhas/Library/TinyTeX/texmf-dist/fonts/type1/public/amsfonts/cmextra/cmex8.pfb></Users/sminhas/Library/TinyTeX/texmf-dist/fonts/type1/public/amsfonts/cm/cmmi10.pfb></Users/sminhas/Library/TinyTeX/texmf-dist/fonts/type1/public/amsfonts/cm/cmmi12.pfb></Users/sminhas/Library/TinyTeX/texmf-dist/fonts/type1/public/amsfonts/cm/cmmi6.pfb></Users/sminhas/Library/TinyTeX/texmf-dist/fonts/type1/public/amsfonts/cm/cmmi7.pfb></Users/sminhas/Library/TinyTeX/texmf-dist/fonts/type1/public/amsfonts/cm/cmmi8.pfb></Users/sminhas/Library/TinyTeX/texmf-dist/fonts/type1/public/amsfonts/cm/cmr10.pfb></Users/sminhas/Library/TinyTeX/texmf-dist/fonts/type1/public/amsfonts/cm/cmr12.pfb></Users/sminhas/Library/TinyTeX/texmf-dist/fonts/type1/public/amsfonts/cm/cmr6.pfb></Users/sminhas/Library/TinyTeX/texmf-dist/fonts/type1/public/amsfonts/cm/cmr7.pfb></Users/sminhas/Library/TinyTeX/texmf-dist/fonts/type1/public/amsfonts/cm/cmr8.pfb></Users/sminhas/Library/TinyTeX/texmf-dist/fonts/type1/public/amsfonts/cm/cmss10.pfb></Users/sminhas/Library/TinyTeX/texmf-dist/fonts/type1/public/amsfonts/cm/cmsy10.pfb></Users/sminhas/Library/TinyTeX/texmf-dist/fonts/type1/public/amsfonts/cm/cmsy6.pfb></Users/sminhas/Library/TinyTeX/texmf-dist/fonts/type1/public/amsfonts/cm/cmsy7.pfb></Users/sminhas/Library/TinyTeX/texmf-dist/fonts/type1/public/amsfonts/cm/cmsy8.pfb></Users/sminhas/Library/TinyTeX/texmf-dist/fonts/type1/public/amsfonts/cm/cmtt10.pfb>
Output written on influenceNetworks.pdf (41 pages, 2017437 bytes).
PDF statistics:
 907 PDF objects out of 1000 (max. 8388607)
 729 compressed objects within 8 object streams
 153 named destinations out of 1000 (max. 500000)
 327 words of extra memory for PDF output out of 10000 (max. 10000000)

